<?xml version="1.0" encoding="UTF-8"?>
<testsuites name="Test Suite" time="109.518" tests="1" failures="0" errors="0">
   <testsuite name="Test Suite" tests="1" failures="0" errors="0" time="109.518" skipped="0" timestamp="2023-09-29 18:59:46" hostname="LENOVO - LAPTOP-6D1EASRA" id="Test Suites/Test Suite">
      <properties>
         <property name="deviceName" value=""/>
         <property name="devicePlatform" value=""/>
         <property name="logFolder" value="C:\\Users\\LENOVO\\git\\super-duper-guide\\Reports\\20230929_185943\\Test Suite\\20230929_185944"/>
         <property name="logFiles" value="C:\\Users\\LENOVO\\git\\super-duper-guide\\Reports\\20230929_185943\\Test Suite\\20230929_185944\\execution0.log"/>
         <property name="attachments" value="C:\\Users\\LENOVO\\git\\super-duper-guide\\Reports\\20230929_185943\\Test Suite\\20230929_185944\\1695988815284.png, C:\\Users\\LENOVO\\git\\super-duper-guide\\Reports\\20230929_185943\\Test Suite\\20230929_185944\\1695988840751.png, C:\\Users\\LENOVO\\git\\super-duper-guide\\Reports\\20230929_185943\\Test Suite\\20230929_185944\\1695988866466.png"/>
         <property name="hostName" value="LENOVO - LAPTOP-6D1EASRA"/>
         <property name="os" value="Windows 11 64bit"/>
         <property name="katalonVersion" value="8.6.8.208"/>
         <property name="browser" value="Chrome 117.0.0.0"/>
         <property name="hostAddress" value="192.168.1.9"/>
         <property name="sessionId" value="ea5b4ba805acc2b3fdef6c25a841cd39"/>
         <property name="seleniumVersion" value="3.141.59"/>
         <property name="proxyInformation" value="ProxyInformation { proxyOption=NO_PROXY, proxyServerType=HTTP, username=, password=********, proxyServerAddress=, proxyServerPort=0, executionList=&quot;&quot;, isApplyToDesiredCapabilities=true }"/>
         <property name="platform" value="Windows 11"/>
      </properties>
      <testcase name="Test Cases/Send message through contactUs" time="27.598" classname="Test Cases/Send message through contactUs" status="PASSED">
         <system-out><![CDATA[2023-09-29 19:01:08 - [TEST_CASE][PASSED] - Test Cases/Send message through contactUs: Test Cases/Send message through contactUs

2023-09-29 19:01:08 - [TEST_STEP][PASSED] - openBrowser(""): Browser is opened with url: ''

2023-09-29 19:01:08 - [MESSAGE][WARNING] - A browser is already opened. Closing browser and opening a new one

2023-09-29 19:01:09 - [MESSAGE][INFO] - Starting 'Chrome' driver

2023-09-29 19:01:09 - [MESSAGE][INFO] - Action delay is set to 0 milliseconds

2023-09-29 19:01:10 - [MESSAGE][PASSED] - Browser is opened with url: ''

2023-09-29 19:01:10 - [TEST_STEP][PASSED] - navigateToUrl("https://madeindonesia.com/"): Navigate to 'https://madeindonesia.com/' successfully

2023-09-29 19:01:22 - [MESSAGE][PASSED] - Navigate to 'https://madeindonesia.com/' successfully

2023-09-29 19:01:22 - [TEST_STEP][PASSED] - click(findTestObject("Object Repository/Page_Development, Design, Video and Data en_ee6ba8/button_Accept all")): Object: 'Object Repository/Page_Development, Design, Video and Data en_ee6ba8/button_Accept all' is clicked on

2023-09-29 19:01:22 - [MESSAGE][PASSED] - Object: 'Object Repository/Page_Development, Design, Video and Data en_ee6ba8/button_Accept all' is clicked on

2023-09-29 19:01:22 - [TEST_STEP][PASSED] - click(findTestObject("Object Repository/Page_Development, Design, Video and Data en_ee6ba8/span_Contact us")): Object: 'Object Repository/Page_Development, Design, Video and Data en_ee6ba8/span_Contact us' is clicked on

2023-09-29 19:01:27 - [MESSAGE][PASSED] - Object: 'Object Repository/Page_Development, Design, Video and Data en_ee6ba8/span_Contact us' is clicked on

2023-09-29 19:01:27 - [TEST_STEP][PASSED] - setText(findTestObject("Object Repository/Page_Development, Design, Video and Data en_ee6ba8/input_MadeIndonesia_name"), "Akuntes"): Text 'Akuntes' is set on object 'Object Repository/Page_Development, Design, Video and Data en_ee6ba8/input_MadeIndonesia_name'

2023-09-29 19:01:27 - [MESSAGE][PASSED] - Text 'Akuntes' is set on object 'Object Repository/Page_Development, Design, Video and Data en_ee6ba8/input_MadeIndonesia_name'

2023-09-29 19:01:27 - [TEST_STEP][PASSED] - setText(findTestObject("Object Repository/Page_Development, Design, Video and Data en_ee6ba8/input_MadeIndonesia_email"), "akunTes@mailinator.com"): Text 'akunTes@mailinator.com' is set on object 'Object Repository/Page_Development, Design, Video and Data en_ee6ba8/input_MadeIndonesia_email'

2023-09-29 19:01:28 - [MESSAGE][PASSED] - Text 'akunTes@mailinator.com' is set on object 'Object Repository/Page_Development, Design, Video and Data en_ee6ba8/input_MadeIndonesia_email'

2023-09-29 19:01:28 - [TEST_STEP][PASSED] - setText(findTestObject("Object Repository/Page_Development, Design, Video and Data en_ee6ba8/input_MadeIndonesia_companyName"), "MyCompany"): Text 'MyCompany' is set on object 'Object Repository/Page_Development, Design, Video and Data en_ee6ba8/input_MadeIndonesia_companyName'

2023-09-29 19:01:29 - [MESSAGE][PASSED] - Text 'MyCompany' is set on object 'Object Repository/Page_Development, Design, Video and Data en_ee6ba8/input_MadeIndonesia_companyName'

2023-09-29 19:01:29 - [TEST_STEP][PASSED] - click(findTestObject("Object Repository/Page_Development, Design, Video and Data en_ee6ba8/div_Select_css-czldi3")): Object: 'Object Repository/Page_Development, Design, Video and Data en_ee6ba8/div_Select_css-czldi3' is clicked on

2023-09-29 19:01:30 - [MESSAGE][PASSED] - Object: 'Object Repository/Page_Development, Design, Video and Data en_ee6ba8/div_Select_css-czldi3' is clicked on

2023-09-29 19:01:30 - [TEST_STEP][PASSED] - click(findTestObject("Object Repository/Page_Development, Design, Video and Data en_ee6ba8/div_Development")): Object: 'Object Repository/Page_Development, Design, Video and Data en_ee6ba8/div_Development' is clicked on

2023-09-29 19:01:30 - [MESSAGE][PASSED] - Object: 'Object Repository/Page_Development, Design, Video and Data en_ee6ba8/div_Development' is clicked on

2023-09-29 19:01:30 - [TEST_STEP][PASSED] - setText(findTestObject("Object Repository/Page_Development, Design, Video and Data en_ee6ba8/textarea_Development_message"), "Hello, this message is only for testing purpose "): Text 'Hello, this message is only for testing purpose ' is set on object 'Object Repository/Page_Development, Design, Video and Data en_ee6ba8/textarea_Development_message'

2023-09-29 19:01:31 - [MESSAGE][PASSED] - Text 'Hello, this message is only for testing purpose ' is set on object 'Object Repository/Page_Development, Design, Video and Data en_ee6ba8/textarea_Development_message'

2023-09-29 19:01:31 - [TEST_STEP][PASSED] - click(findTestObject("Object Repository/Page_Development, Design, Video and Data en_ee6ba8/button_Submit")): Object: 'Object Repository/Page_Development, Design, Video and Data en_ee6ba8/button_Submit' is clicked on

2023-09-29 19:01:31 - [MESSAGE][PASSED] - Object: 'Object Repository/Page_Development, Design, Video and Data en_ee6ba8/button_Submit' is clicked on

2023-09-29 19:01:31 - [TEST_STEP][PASSED] - click(findTestObject("Object Repository/Page_Development, Design, Video and Data en_ee6ba8/button_Back to home")): Object: 'Object Repository/Page_Development, Design, Video and Data en_ee6ba8/button_Back to home' is clicked on

2023-09-29 19:01:33 - [MESSAGE][PASSED] - Object: 'Object Repository/Page_Development, Design, Video and Data en_ee6ba8/button_Back to home' is clicked on

2023-09-29 19:01:33 - [TEST_STEP][PASSED] - closeBrowser(): Browser is closed

2023-09-29 19:01:34 - [MESSAGE][PASSED] - Browser is closed

2023-09-29 19:01:36 - [TEST_STEP][PASSED] - Video: Video recording for test case 'Test Cases/Send message through contactUs' .

2023-09-29 19:01:36 - [MESSAGE][INFO] - Video recording for test case 'Test Cases/Send message through contactUs' .]]></system-out>
         <system-err><![CDATA[]]></system-err>
      </testcase>
      <system-out><![CDATA[2023-09-29 18:59:46 - [TEST_SUITE][FAILED] - Test Suite: Test Cases/Send message through contactUs FAILED.
Reason:
com.kms.katalon.core.exception.StepFailedException: Unable to click on object 'Object Repository/Page_Development, Design, Video and Data en_ee6ba8/button_Back to home'
	at com.kms.katalon.core.webui.keyword.internal.WebUIKeywordMain.stepFailed(WebUIKeywordMain.groovy:64)
	at com.kms.katalon.core.webui.keyword.internal.WebUIKeywordMain.runKeyword(WebUIKeywordMain.groovy:26)
	at com.kms.katalon.core.webui.keyword.builtin.ClickKeyword.click(ClickKeyword.groovy:74)
	at com.kms.katalon.core.webui.keyword.builtin.ClickKeyword.execute(ClickKeyword.groovy:40)
	at com.kms.katalon.core.keyword.internal.KeywordExecutor.executeKeywordForPlatform(KeywordExecutor.groovy:74)
	at com.kms.katalon.core.webui.keyword.WebUiBuiltInKeywords.click(WebUiBuiltInKeywords.groovy:620)
	at com.kms.katalon.core.webui.keyword.WebUiBuiltInKeywords$click$1.call(Unknown Source)
	at Send message through contactUs.run(Send message through contactUs:46)
	at com.kms.katalon.core.main.ScriptEngine.run(ScriptEngine.java:194)
	at com.kms.katalon.core.main.ScriptEngine.runScriptAsRawText(ScriptEngine.java:119)
	at com.kms.katalon.core.main.TestCaseExecutor.runScript(TestCaseExecutor.java:448)
	at com.kms.katalon.core.main.TestCaseExecutor.doExecute(TestCaseExecutor.java:439)
	at com.kms.katalon.core.main.TestCaseExecutor.processExecutionPhase(TestCaseExecutor.java:418)
	at com.kms.katalon.core.main.TestCaseExecutor.accessMainPhase(TestCaseExecutor.java:410)
	at com.kms.katalon.core.main.TestCaseExecutor.execute(TestCaseExecutor.java:285)
	at com.kms.katalon.core.common.CommonExecutor.accessTestCaseMainPhase(CommonExecutor.java:65)
	at com.kms.katalon.core.main.TestSuiteExecutor.accessTestSuiteMainPhase(TestSuiteExecutor.java:148)
	at com.kms.katalon.core.main.TestSuiteExecutor.execute(TestSuiteExecutor.java:106)
	at com.kms.katalon.core.main.TestCaseMain.startTestSuite(TestCaseMain.java:187)
	at com.kms.katalon.core.main.TestCaseMain$startTestSuite$0.call(Unknown Source)
	at TempTestSuite1695988784816.run(TempTestSuite1695988784816.groovy:36)
Caused by: org.openqa.selenium.ElementNotInteractableException: element not interactable
  (Session info: chrome=117.0.5938.92)
Build info: version: '3.141.59', revision: 'e82be7d358', time: '2018-11-14T08:25:53'
System info: host: 'LAPTOP-6D1EASRA', ip: '192.168.1.9', os.name: 'Windows 11', os.arch: 'amd64', os.version: '10.0', java.version: '1.8.0_362'
Driver info: com.kms.katalon.selenium.driver.CChromeDriver
Capabilities {acceptInsecureCerts: false, browserName: chrome, browserVersion: 117.0.5938.92, chrome: {chromedriverVersion: 116.0.5845.96 (1a3918166880..., userDataDir: C:\Users\LENOVO\AppData\Loc...}, fedcm:accounts: true, goog:chromeOptions: {debuggerAddress: localhost:56415}, javascriptEnabled: true, networkConnectionEnabled: false, pageLoadStrategy: normal, platform: WINDOWS, platformName: WINDOWS, proxy: Proxy(), setWindowRect: true, strictFileInteractability: false, timeouts: {implicit: 0, pageLoad: 300000, script: 30000}, unhandledPromptBehavior: dismiss and notify, webauthn:extension:credBlob: true, webauthn:extension:largeBlob: true, webauthn:extension:minPinLength: true, webauthn:extension:prf: true, webauthn:virtualAuthenticators: true}
Session ID: bee89d76629923c8202e95aac33a8334
	at org.openqa.selenium.remote.http.W3CHttpResponseCodec.createException(W3CHttpResponseCodec.java:187)
	at org.openqa.selenium.remote.http.W3CHttpResponseCodec.decode(W3CHttpResponseCodec.java:122)
	at org.openqa.selenium.remote.http.W3CHttpResponseCodec.decode(W3CHttpResponseCodec.java:49)
	at org.openqa.selenium.remote.HttpCommandExecutor.execute(HttpCommandExecutor.java:158)
	at org.openqa.selenium.remote.service.DriverCommandExecutor.execute(DriverCommandExecutor.java:83)
	at org.openqa.selenium.remote.RemoteWebDriver.execute(RemoteWebDriver.java:552)
	at com.kms.katalon.selenium.driver.CChromeDriver.execute(CChromeDriver.java:19)
	at org.openqa.selenium.remote.RemoteWebElement.execute(RemoteWebElement.java:285)
	at org.openqa.selenium.remote.RemoteWebElement.click(RemoteWebElement.java:84)
	at org.openqa.selenium.support.events.EventFiringWebDriver$EventFiringWebElement.lambda$new$0(EventFiringWebDriver.java:404)
	at com.sun.proxy.$Proxy11.click(Unknown Source)
	at org.openqa.selenium.support.events.EventFiringWebDriver$EventFiringWebElement.click(EventFiringWebDriver.java:417)
	at org.openqa.selenium.WebElement$click.call(Unknown Source)
	at com.kms.katalon.core.webui.keyword.builtin.ClickKeyword.clickUntilSuccessWithTimeout(ClickKeyword.groovy:81)
	at com.kms.katalon.core.webui.keyword.builtin.ClickKeyword.clickUntilSuccessWithTimeout(ClickKeyword.groovy)
	at com.kms.katalon.core.webui.keyword.builtin.ClickKeyword$_click_closure1.doCall(ClickKeyword.groovy:67)
	at com.kms.katalon.core.webui.keyword.builtin.ClickKeyword$_click_closure1.call(ClickKeyword.groovy)
	at com.kms.katalon.core.webui.keyword.internal.WebUIKeywordMain.runKeyword(WebUIKeywordMain.groovy:20)
	... 19 more]]></system-out>
      <system-err><![CDATA[2023-09-29 18:59:46 - [TEST_SUITE][FAILED] - Test Suite: Test Cases/Send message through contactUs FAILED.
Reason:
com.kms.katalon.core.exception.StepFailedException: Unable to click on object 'Object Repository/Page_Development, Design, Video and Data en_ee6ba8/button_Back to home'
	at com.kms.katalon.core.webui.keyword.internal.WebUIKeywordMain.stepFailed(WebUIKeywordMain.groovy:64)
	at com.kms.katalon.core.webui.keyword.internal.WebUIKeywordMain.runKeyword(WebUIKeywordMain.groovy:26)
	at com.kms.katalon.core.webui.keyword.builtin.ClickKeyword.click(ClickKeyword.groovy:74)
	at com.kms.katalon.core.webui.keyword.builtin.ClickKeyword.execute(ClickKeyword.groovy:40)
	at com.kms.katalon.core.keyword.internal.KeywordExecutor.executeKeywordForPlatform(KeywordExecutor.groovy:74)
	at com.kms.katalon.core.webui.keyword.WebUiBuiltInKeywords.click(WebUiBuiltInKeywords.groovy:620)
	at com.kms.katalon.core.webui.keyword.WebUiBuiltInKeywords$click$1.call(Unknown Source)
	at Send message through contactUs.run(Send message through contactUs:46)
	at com.kms.katalon.core.main.ScriptEngine.run(ScriptEngine.java:194)
	at com.kms.katalon.core.main.ScriptEngine.runScriptAsRawText(ScriptEngine.java:119)
	at com.kms.katalon.core.main.TestCaseExecutor.runScript(TestCaseExecutor.java:448)
	at com.kms.katalon.core.main.TestCaseExecutor.doExecute(TestCaseExecutor.java:439)
	at com.kms.katalon.core.main.TestCaseExecutor.processExecutionPhase(TestCaseExecutor.java:418)
	at com.kms.katalon.core.main.TestCaseExecutor.accessMainPhase(TestCaseExecutor.java:410)
	at com.kms.katalon.core.main.TestCaseExecutor.execute(TestCaseExecutor.java:285)
	at com.kms.katalon.core.common.CommonExecutor.accessTestCaseMainPhase(CommonExecutor.java:65)
	at com.kms.katalon.core.main.TestSuiteExecutor.accessTestSuiteMainPhase(TestSuiteExecutor.java:148)
	at com.kms.katalon.core.main.TestSuiteExecutor.execute(TestSuiteExecutor.java:106)
	at com.kms.katalon.core.main.TestCaseMain.startTestSuite(TestCaseMain.java:187)
	at com.kms.katalon.core.main.TestCaseMain$startTestSuite$0.call(Unknown Source)
	at TempTestSuite1695988784816.run(TempTestSuite1695988784816.groovy:36)
Caused by: org.openqa.selenium.ElementNotInteractableException: element not interactable
  (Session info: chrome=117.0.5938.92)
Build info: version: '3.141.59', revision: 'e82be7d358', time: '2018-11-14T08:25:53'
System info: host: 'LAPTOP-6D1EASRA', ip: '192.168.1.9', os.name: 'Windows 11', os.arch: 'amd64', os.version: '10.0', java.version: '1.8.0_362'
Driver info: com.kms.katalon.selenium.driver.CChromeDriver
Capabilities {acceptInsecureCerts: false, browserName: chrome, browserVersion: 117.0.5938.92, chrome: {chromedriverVersion: 116.0.5845.96 (1a3918166880..., userDataDir: C:\Users\LENOVO\AppData\Loc...}, fedcm:accounts: true, goog:chromeOptions: {debuggerAddress: localhost:56415}, javascriptEnabled: true, networkConnectionEnabled: false, pageLoadStrategy: normal, platform: WINDOWS, platformName: WINDOWS, proxy: Proxy(), setWindowRect: true, strictFileInteractability: false, timeouts: {implicit: 0, pageLoad: 300000, script: 30000}, unhandledPromptBehavior: dismiss and notify, webauthn:extension:credBlob: true, webauthn:extension:largeBlob: true, webauthn:extension:minPinLength: true, webauthn:extension:prf: true, webauthn:virtualAuthenticators: true}
Session ID: bee89d76629923c8202e95aac33a8334
	at org.openqa.selenium.remote.http.W3CHttpResponseCodec.createException(W3CHttpResponseCodec.java:187)
	at org.openqa.selenium.remote.http.W3CHttpResponseCodec.decode(W3CHttpResponseCodec.java:122)
	at org.openqa.selenium.remote.http.W3CHttpResponseCodec.decode(W3CHttpResponseCodec.java:49)
	at org.openqa.selenium.remote.HttpCommandExecutor.execute(HttpCommandExecutor.java:158)
	at org.openqa.selenium.remote.service.DriverCommandExecutor.execute(DriverCommandExecutor.java:83)
	at org.openqa.selenium.remote.RemoteWebDriver.execute(RemoteWebDriver.java:552)
	at com.kms.katalon.selenium.driver.CChromeDriver.execute(CChromeDriver.java:19)
	at org.openqa.selenium.remote.RemoteWebElement.execute(RemoteWebElement.java:285)
	at org.openqa.selenium.remote.RemoteWebElement.click(RemoteWebElement.java:84)
	at org.openqa.selenium.support.events.EventFiringWebDriver$EventFiringWebElement.lambda$new$0(EventFiringWebDriver.java:404)
	at com.sun.proxy.$Proxy11.click(Unknown Source)
	at org.openqa.selenium.support.events.EventFiringWebDriver$EventFiringWebElement.click(EventFiringWebDriver.java:417)
	at org.openqa.selenium.WebElement$click.call(Unknown Source)
	at com.kms.katalon.core.webui.keyword.builtin.ClickKeyword.clickUntilSuccessWithTimeout(ClickKeyword.groovy:81)
	at com.kms.katalon.core.webui.keyword.builtin.ClickKeyword.clickUntilSuccessWithTimeout(ClickKeyword.groovy)
	at com.kms.katalon.core.webui.keyword.builtin.ClickKeyword$_click_closure1.doCall(ClickKeyword.groovy:67)
	at com.kms.katalon.core.webui.keyword.builtin.ClickKeyword$_click_closure1.call(ClickKeyword.groovy)
	at com.kms.katalon.core.webui.keyword.internal.WebUIKeywordMain.runKeyword(WebUIKeywordMain.groovy:20)
	... 19 more]]></system-err>
   </testsuite>
</testsuites>
